<?xml version="1.0" encoding="UTF-8"?>
<!-- Generated by org.testng.reporters.JUnitXMLReporter -->
<testsuite ignored="2" hostname="ChanduAcerLaptop" failures="1" tests="2" name="Test" time="4.6" errors="0" timestamp="2020-09-08T16:55:04 EDT">
  <testcase classname="com.ecom.testcases.TC_LoginTest_001" name="loginPositiveTest" time="3.74"/>
  <testcase classname="com.ecom.testcases.TC_LoginTest_002" name="loginNegativeTest" time="0.841">
    <failure type="java.lang.NullPointerException">
      <![CDATA[java.lang.NullPointerException
at com.ecom.testcases.TC_LoginTest_002.loginNegativeTest(TC_LoginTest_002.java:17)
at java.base/java.util.ArrayList.forEach(ArrayList.java:1510)
... Removed 27 stack frames]]>
    </failure>
  </testcase> <!-- loginNegativeTest -->
  <testcase classname="com.ecom.testcases.BaseClass" name="@BeforeSuite setup" time="0.0">
    <ignored/>
  </testcase> <!-- @BeforeSuite setup -->
  <testcase classname="com.ecom.testcases.BaseClass" name="@AfterSuite teardown" time="0.0">
    <ignored/>
  </testcase> <!-- @AfterSuite teardown -->
</testsuite> <!-- Test -->
