<?xml version="1.0" encoding="UTF-8"?>
<!-- Generated by org.testng.reporters.JUnitXMLReporter -->
<testsuite ignored="0" hostname="ChanduAcerLaptop" failures="0" tests="2" name="Link Validation" time="60.877" errors="0" timestamp="2020-09-11T11:09:54 EDT">
  <testcase classname="com.ecom.testcases.TC_HomePageLinkValidation_004" name="login" time="2.929"/>
  <testcase classname="com.ecom.testcases.TC_HomePageLinkValidation_004" name="linkValidate" time="49.376"/>
</testsuite> <!-- Link Validation -->
