<?xml version="1.0" encoding="UTF-8"?>
<testng-results ignored="0" total="2" passed="2" failed="0" skipped="0">
  <reporter-output>
  </reporter-output>
  <suite started-at="2020-09-11T19:45:24 EDT" name="Suite" finished-at="2020-09-11T19:45:47 EDT" duration-ms="22591">
    <groups>
    </groups>
    <test started-at="2020-09-11T19:45:24 EDT" name="Positive Testcases" finished-at="2020-09-11T19:45:39 EDT" duration-ms="14726">
      <class name="com.ecom.testcases.TC_LoginTest_001">
        <test-method is-config="true" signature="setup(java.lang.String, java.lang.String, java.lang.String)[pri:0, instance:com.ecom.testcases.TC_LoginTest_001@79d8407f]" started-at="2020-09-11T19:45:24 EDT" name="setup" finished-at="2020-09-11T19:45:32 EDT" duration-ms="7439" status="PASS">
          <params>
            <param index="0">
              <value>
                <![CDATA[edge]]>
              </value>
            </param>
            <param index="1">
              <value>
                <![CDATA[webdriver.edge.driver]]>
              </value>
            </param>
            <param index="2">
              <value>
                <![CDATA[./Drivers\\msedgedriver.exe]]>
              </value>
            </param>
          </params>
          <reporter-output>
          </reporter-output>
        </test-method> <!-- setup -->
        <test-method signature="loginPositiveTest()[pri:0, instance:com.ecom.testcases.TC_LoginTest_001@79d8407f]" started-at="2020-09-11T19:45:32 EDT" name="loginPositiveTest" description="Login PositiveTesting scenario" finished-at="2020-09-11T19:45:34 EDT" duration-ms="2789" status="PASS">
          <reporter-output>
          </reporter-output>
        </test-method> <!-- loginPositiveTest -->
        <test-method is-config="true" signature="teardown()[pri:0, instance:com.ecom.testcases.TC_LoginTest_001@79d8407f]" started-at="2020-09-11T19:45:34 EDT" name="teardown" finished-at="2020-09-11T19:45:39 EDT" duration-ms="4355" status="PASS">
          <reporter-output>
          </reporter-output>
        </test-method> <!-- teardown -->
      </class> <!-- com.ecom.testcases.TC_LoginTest_001 -->
    </test> <!-- Positive Testcases -->
    <test started-at="2020-09-11T19:45:39 EDT" name="Negative Testcases" finished-at="2020-09-11T19:45:47 EDT" duration-ms="7665">
      <class name="com.ecom.testcases.TC_LoginTest_002">
        <test-method is-config="true" signature="setup(java.lang.String, java.lang.String, java.lang.String)[pri:0, instance:com.ecom.testcases.TC_LoginTest_002@38102d01]" started-at="2020-09-11T19:45:39 EDT" name="setup" finished-at="2020-09-11T19:45:43 EDT" duration-ms="4171" status="PASS">
          <params>
            <param index="0">
              <value>
                <![CDATA[firefox]]>
              </value>
            </param>
            <param index="1">
              <value>
                <![CDATA[webdriver.gecko.driver]]>
              </value>
            </param>
            <param index="2">
              <value>
                <![CDATA[./Drivers\\geckodriver.exe]]>
              </value>
            </param>
          </params>
          <reporter-output>
          </reporter-output>
        </test-method> <!-- setup -->
        <test-method signature="loginNegativeTest()[pri:0, instance:com.ecom.testcases.TC_LoginTest_002@38102d01]" started-at="2020-09-11T19:45:43 EDT" name="loginNegativeTest" description="Login Negative Testing scenario" finished-at="2020-09-11T19:45:46 EDT" duration-ms="3027" status="PASS">
          <reporter-output>
          </reporter-output>
        </test-method> <!-- loginNegativeTest -->
        <test-method is-config="true" signature="teardown()[pri:0, instance:com.ecom.testcases.TC_LoginTest_002@38102d01]" started-at="2020-09-11T19:45:46 EDT" name="teardown" finished-at="2020-09-11T19:45:47 EDT" duration-ms="451" status="PASS">
          <reporter-output>
          </reporter-output>
        </test-method> <!-- teardown -->
        <test-method is-config="true" signature="teardownSuite()[pri:0, instance:com.ecom.testcases.TC_LoginTest_002@38102d01]" started-at="2020-09-11T19:45:47 EDT" name="teardownSuite" finished-at="2020-09-11T19:45:47 EDT" duration-ms="0" status="PASS">
          <reporter-output>
          </reporter-output>
        </test-method> <!-- teardownSuite -->
      </class> <!-- com.ecom.testcases.TC_LoginTest_002 -->
    </test> <!-- Negative Testcases -->
  </suite> <!-- Suite -->
</testng-results>
