<?xml version="1.0" encoding="UTF-8"?>
<testng-results ignored="0" total="2" passed="2" failed="0" skipped="0">
  <reporter-output>
  </reporter-output>
  <suite started-at="2020-09-11T02:00:15 EDT" name="Suite" finished-at="2020-09-11T02:01:28 EDT" duration-ms="73609">
    <groups>
    </groups>
    <test started-at="2020-09-11T02:00:15 EDT" name="Link Validation" finished-at="2020-09-11T02:01:28 EDT" duration-ms="73609">
      <class name="com.ecom.testcases.TC_HomePageLinkValidation_004">
        <test-method is-config="true" signature="setup(java.lang.String, java.lang.String, java.lang.String)[pri:0, instance:com.ecom.testcases.TC_HomePageLinkValidation_004@6b26e945]" started-at="2020-09-11T02:00:15 EDT" name="setup" finished-at="2020-09-11T02:00:24 EDT" duration-ms="8738" status="PASS">
          <params>
            <param index="0">
              <value>
                <![CDATA[edge]]>
              </value>
            </param>
            <param index="1">
              <value>
                <![CDATA[webdriver.edge.driver]]>
              </value>
            </param>
            <param index="2">
              <value>
                <![CDATA[./Drivers\\msedgedriver.exe]]>
              </value>
            </param>
          </params>
          <reporter-output>
          </reporter-output>
        </test-method> <!-- setup -->
        <test-method signature="login()[pri:0, instance:com.ecom.testcases.TC_HomePageLinkValidation_004@6b26e945]" started-at="2020-09-11T02:00:24 EDT" name="login" finished-at="2020-09-11T02:00:31 EDT" duration-ms="7478" status="PASS">
          <reporter-output>
          </reporter-output>
        </test-method> <!-- login -->
        <test-method signature="linkValidate()[pri:1, instance:com.ecom.testcases.TC_HomePageLinkValidation_004@6b26e945]" started-at="2020-09-11T02:00:31 EDT" name="linkValidate" description="Validate links on Index page after login" finished-at="2020-09-11T02:01:28 EDT" duration-ms="57219" status="PASS">
          <reporter-output>
          </reporter-output>
        </test-method> <!-- linkValidate -->
        <test-method is-config="true" signature="teardown()[pri:0, instance:com.ecom.testcases.TC_HomePageLinkValidation_004@6b26e945]" started-at="2020-09-11T02:01:28 EDT" name="teardown" finished-at="2020-09-11T02:01:28 EDT" duration-ms="38" status="PASS">
          <reporter-output>
          </reporter-output>
        </test-method> <!-- teardown -->
        <test-method is-config="true" signature="teardownSuite()[pri:0, instance:com.ecom.testcases.TC_HomePageLinkValidation_004@6b26e945]" started-at="2020-09-11T02:01:29 EDT" name="teardownSuite" finished-at="2020-09-11T02:01:29 EDT" duration-ms="2" status="PASS">
          <reporter-output>
          </reporter-output>
        </test-method> <!-- teardownSuite -->
      </class> <!-- com.ecom.testcases.TC_HomePageLinkValidation_004 -->
    </test> <!-- Link Validation -->
  </suite> <!-- Suite -->
</testng-results>
